<?xml version="1.0" encoding="UTF-8"?>
<testsuites tests="11" failures="4" disabled="0" errors="0" time="0.029" timestamp="2024-12-01T19:28:20.980" name="AllTests">
  <testsuite name="ConfigTest" tests="5" failures="0" disabled="0" skipped="0" errors="0" time="0.012" timestamp="2024-12-01T19:28:20.981">
    <testcase name="TestLoadConfigFileNotFound" status="run" result="completed" time="0" timestamp="2024-12-01T19:28:20.981" classname="ConfigTest" />
    <testcase name="TestLoadConfigInvalidJSON" status="run" result="completed" time="0.003" timestamp="2024-12-01T19:28:20.982" classname="ConfigTest" />
    <testcase name="TestLoadConfigMissingFields" status="run" result="completed" time="0.001" timestamp="2024-12-01T19:28:20.989" classname="ConfigTest" />
    <testcase name="TestLoadConfigMalformedJSON" status="run" result="completed" time="0.001" timestamp="2024-12-01T19:28:20.991" classname="ConfigTest" />
    <testcase name="TearDown" status="run" result="completed" time="0" timestamp="2024-12-01T19:28:20.993" classname="ConfigTest" />
  </testsuite>
  <testsuite name="SerialPortTest" tests="6" failures="4" disabled="0" skipped="0" errors="0" time="0.015" timestamp="2024-12-01T19:28:20.994">
    <testcase name="TestDrawBoard" status="run" result="completed" time="0.001" timestamp="2024-12-01T19:28:20.994" classname="SerialPortTest" />
    <testcase name="TestLoadConfig" status="run" result="completed" time="0" timestamp="2024-12-01T19:28:20.996" classname="SerialPortTest" />
    <testcase name="TestConnection" status="run" result="completed" time="0" timestamp="2024-12-01T19:28:20.997" classname="SerialPortTest">
      <failure message="D:\test\tests\test_server\test_server\test_server.cpp:81&#x0A;Value of: isConnected&#x0A;  Actual: false&#x0A;Expected: true" type=""><![CDATA[D:\test\tests\test_server\test_server\test_server.cpp:81
Value of: isConnected
  Actual: false
Expected: true]]></failure>
    </testcase>
    <testcase name="TestStartGame" status="run" result="completed" time="0.001" timestamp="2024-12-01T19:28:21.003" classname="SerialPortTest">
      <failure message="D:\test\tests\test_server\test_server\test_server.cpp:89&#x0A;Value of: isConnected&#x0A;  Actual: false&#x0A;Expected: true" type=""><![CDATA[D:\test\tests\test_server\test_server\test_server.cpp:89
Value of: isConnected
  Actual: false
Expected: true]]></failure>
      <failure message="D:\test\tests\test_server\test_server\test_server.cpp:95&#x0A;Expected equality of these values:&#x0A;  normalizeNewlines(response.substr(0, expectedResponse.length()))&#x0A;    Which is: &quot;&quot;&#x0A;  normalizeNewlines(expectedResponse)&#x0A;    Which is: &quot;GameStarted&quot;" type=""><![CDATA[D:\test\tests\test_server\test_server\test_server.cpp:95
Expected equality of these values:
  normalizeNewlines(response.substr(0, expectedResponse.length()))
    Which is: ""
  normalizeNewlines(expectedResponse)
    Which is: "GameStarted"]]></failure>
    </testcase>
    <testcase name="TestSetGameMode" status="run" result="completed" time="0.001" timestamp="2024-12-01T19:28:21.005" classname="SerialPortTest">
      <failure message="D:\test\tests\test_server\test_server\test_server.cpp:103&#x0A;Value of: isConnected&#x0A;  Actual: false&#x0A;Expected: true" type=""><![CDATA[D:\test\tests\test_server\test_server\test_server.cpp:103
Value of: isConnected
  Actual: false
Expected: true]]></failure>
      <failure message="D:\test\tests\test_server\test_server\test_server.cpp:109&#x0A;Expected equality of these values:&#x0A;  normalizeNewlines(response.substr(0, expectedResponse.length()))&#x0A;    Which is: &quot;&quot;&#x0A;  normalizeNewlines(expectedResponse)&#x0A;    Which is: &quot;Mode set to 1&quot;" type=""><![CDATA[D:\test\tests\test_server\test_server\test_server.cpp:109
Expected equality of these values:
  normalizeNewlines(response.substr(0, expectedResponse.length()))
    Which is: ""
  normalizeNewlines(expectedResponse)
    Which is: "Mode set to 1"]]></failure>
    </testcase>
    <testcase name="TestInvalidGameMode" status="run" result="completed" time="0.001" timestamp="2024-12-01T19:28:21.008" classname="SerialPortTest">
      <failure message="D:\test\tests\test_server\test_server\test_server.cpp:117&#x0A;Value of: isConnected&#x0A;  Actual: false&#x0A;Expected: true" type=""><![CDATA[D:\test\tests\test_server\test_server\test_server.cpp:117
Value of: isConnected
  Actual: false
Expected: true]]></failure>
      <failure message="D:\test\tests\test_server\test_server\test_server.cpp:122&#x0A;Expected equality of these values:&#x0A;  normalizeNewlines(response.substr(0, expectedResponse.length()))&#x0A;    Which is: &quot;&quot;&#x0A;  normalizeNewlines(expectedResponse)&#x0A;    Which is: &quot;InvailChoice&quot;" type=""><![CDATA[D:\test\tests\test_server\test_server\test_server.cpp:122
Expected equality of these values:
  normalizeNewlines(response.substr(0, expectedResponse.length()))
    Which is: ""
  normalizeNewlines(expectedResponse)
    Which is: "InvailChoice"]]></failure>
    </testcase>
  </testsuite>
</testsuites>
