<?xml version="1.0" encoding="UTF-8"?>
<testsuites tests="10" failures="0" disabled="0" errors="0" time="0.02" timestamp="2024-12-01T19:28:21.430" name="AllTests">
  <testsuite name="SerialCommunicationTest" tests="6" failures="0" disabled="0" skipped="0" errors="0" time="0.007" timestamp="2024-12-01T19:28:21.431">
    <testcase name="ConnectValidPort" status="run" result="completed" time="0" timestamp="2024-12-01T19:28:21.432" classname="SerialCommunicationTest" />
    <testcase name="SendMessageWhenNotConnected" status="run" result="completed" time="0" timestamp="2024-12-01T19:28:21.433" classname="SerialCommunicationTest" />
    <testcase name="DisconnectWithoutConnection" status="run" result="completed" time="0" timestamp="2024-12-01T19:28:21.434" classname="SerialCommunicationTest" />
    <testcase name="DrawBoard" status="run" result="completed" time="0.001" timestamp="2024-12-01T19:28:21.435" classname="SerialCommunicationTest" />
    <testcase name="ConnectWithInvalidBaudRate" status="run" result="completed" time="0" timestamp="2024-12-01T19:28:21.438" classname="SerialCommunicationTest" />
    <testcase name="DisconnectWhenNotConnected" status="run" result="completed" time="0" timestamp="2024-12-01T19:28:21.439" classname="SerialCommunicationTest" />
  </testsuite>
  <testsuite name="ConfigTest" tests="4" failures="0" disabled="0" skipped="0" errors="0" time="0.01" timestamp="2024-12-01T19:28:21.440">
    <testcase name="LoadValidConfigFile" status="run" result="completed" time="0.002" timestamp="2024-12-01T19:28:21.440" classname="ConfigTest" />
    <testcase name="LoadInvalidConfigFile" status="run" result="completed" time="0" timestamp="2024-12-01T19:28:21.445" classname="ConfigTest" />
    <testcase name="LoadValidConfigFileCorrectValues" status="run" result="completed" time="0.001" timestamp="2024-12-01T19:28:21.446" classname="ConfigTest" />
    <testcase name="LoadInvalidJsonConfigFile" status="run" result="completed" time="0.001" timestamp="2024-12-01T19:28:21.448" classname="ConfigTest" />
  </testsuite>
</testsuites>
